c:\users\юля\documents\visual studio 2015\projects\lifegame\lifegame\debug\vc140.pdb
c:\users\юля\documents\visual studio 2015\projects\lifegame\lifegame\debug\vc140.idb
c:\users\юля\documents\visual studio 2015\projects\lifegame\lifegame\debug\cell.obj
c:\users\юля\documents\visual studio 2015\projects\lifegame\lifegame\debug\deserealizer.obj
c:\users\юля\documents\visual studio 2015\projects\lifegame\lifegame\debug\executor.obj
c:\users\юля\documents\visual studio 2015\projects\lifegame\lifegame\debug\field.obj
c:\users\юля\documents\visual studio 2015\projects\lifegame\lifegame\debug\game.obj
c:\users\юля\documents\visual studio 2015\projects\lifegame\lifegame\debug\history.obj
c:\users\юля\documents\visual studio 2015\projects\lifegame\lifegame\debug\my_test.obj
c:\users\юля\documents\visual studio 2015\projects\lifegame\lifegame\debug\parser.obj
c:\users\юля\documents\visual studio 2015\projects\lifegame\lifegame\debug\seriealizer.obj
c:\users\юля\documents\visual studio 2015\projects\lifegame\lifegame\debug\strategy.obj
c:\users\юля\documents\visual studio 2015\projects\lifegame\lifegame\debug\view.obj
c:\users\юля\documents\visual studio 2015\projects\lifegame\lifegame\debug\executor.obj.enc
c:\users\юля\documents\visual studio 2015\projects\lifegame\lifegame\debug\parser.obj.enc
c:\users\юля\documents\visual studio 2015\projects\lifegame\debug\lifegame.pdb
c:\users\юля\documents\visual studio 2015\projects\lifegame\lifegame\debug\lifegame.tlog\cl.command.1.tlog
c:\users\юля\documents\visual studio 2015\projects\lifegame\lifegame\debug\lifegame.tlog\cl.read.1.tlog
c:\users\юля\documents\visual studio 2015\projects\lifegame\lifegame\debug\lifegame.tlog\cl.write.1.tlog
c:\users\юля\documents\visual studio 2015\projects\lifegame\lifegame\debug\lifegame.tlog\link.13528.read.1.tlog
c:\users\юля\documents\visual studio 2015\projects\lifegame\lifegame\debug\lifegame.tlog\link.13528.write.1.tlog
c:\users\юля\documents\visual studio 2015\projects\lifegame\lifegame\debug\lifegame.tlog\link.command.1.tlog
c:\users\юля\documents\visual studio 2015\projects\lifegame\lifegame\debug\lifegame.tlog\link.read.1.tlog
c:\users\юля\documents\visual studio 2015\projects\lifegame\lifegame\debug\lifegame.tlog\link.write.1.tlog
